# JRE version: Java(TM) SE Runtime Environment (8.0_45-b14) (build 1.8.0_45-b14)
# Java VM: Java HotSpot(TM) 64-Bit Server VM (25.45-b02 mixed mode bsd-amd64 compressed oops)
Heap:
 PSYoungGen      total 51712K, used 11066K [0x0000000795580000, 0x0000000798f80000, 0x00000007c0000000)
  eden space 46592K, 12% used [0x0000000795580000,0x0000000795b50b48,0x0000000798300000)
  from space 5120K, 99% used [0x0000000798a80000,0x0000000798f7e078,0x0000000798f80000)
  to   space 5120K, 0% used [0x0000000798580000,0x0000000798580000,0x0000000798a80000)
 ParOldGen       total 61952K, used 21428K [0x0000000740000000, 0x0000000743c80000, 0x0000000795580000)
  object space 61952K, 34% used [0x0000000740000000,0x00000007414ed260,0x0000000743c80000)
 Metaspace       used 28607K, capacity 29924K, committed 30080K, reserved 1075200K
  class space    used 4068K, capacity 4354K, committed 4480K, reserved 1048576K
GC Heap History (10 events):
Event: 1.243 GC heap before
{Heap before GC invocations=1 (full 0):
 PSYoungGen      total 38400K, used 33280K [0x0000000795580000, 0x0000000798000000, 0x00000007c0000000)
  eden space 33280K, 100% used [0x0000000795580000,0x0000000797600000,0x0000000797600000)
  from space 5120K, 0% used [0x0000000797b00000,0x0000000797b00000,0x0000000798000000)
  to   space 5120K, 0% used [0x0000000797600000,0x0000000797600000,0x0000000797b00000)
 ParOldGen       total 87552K, used 0K [0x0000000740000000, 0x0000000745580000, 0x0000000795580000)
  object space 87552K, 0% used [0x0000000740000000,0x0000000740000000,0x0000000745580000)
 Metaspace       used 15579K, capacity 16106K, committed 16256K, reserved 1062912K
  class space    used 2208K, capacity 2369K, committed 2432K, reserved 1048576K
Event: 1.250 GC heap after
Heap after GC invocations=1 (full 0):
 PSYoungGen      total 38400K, used 5116K [0x0000000795580000, 0x0000000798000000, 0x00000007c0000000)
  eden space 33280K, 0% used [0x0000000795580000,0x0000000795580000,0x0000000797600000)
  from space 5120K, 99% used [0x0000000797600000,0x0000000797aff1b8,0x0000000797b00000)
  to   space 5120K, 0% used [0x0000000797b00000,0x0000000797b00000,0x0000000798000000)
 ParOldGen       total 87552K, used 1215K [0x0000000740000000, 0x0000000745580000, 0x0000000795580000)
  object space 87552K, 1% used [0x0000000740000000,0x000000074012fe10,0x0000000745580000)
 Metaspace       used 15579K, capacity 16106K, committed 16256K, reserved 1062912K
  class space    used 2208K, capacity 2369K, committed 2432K, reserved 1048576K
}
Event: 1.863 GC heap before
{Heap before GC invocations=2 (full 0):
 PSYoungGen      total 38400K, used 21691K [0x0000000795580000, 0x0000000798000000, 0x00000007c0000000)
  eden space 33280K, 49% used [0x0000000795580000,0x00000007965afbe8,0x0000000797600000)
  from space 5120K, 99% used [0x0000000797600000,0x0000000797aff1b8,0x0000000797b00000)
  to   space 5120K, 0% used [0x0000000797b00000,0x0000000797b00000,0x0000000798000000)
 ParOldGen       total 87552K, used 1215K [0x0000000740000000, 0x0000000745580000, 0x0000000795580000)
  object space 87552K, 1% used [0x0000000740000000,0x000000074012fe10,0x0000000745580000)
 Metaspace       used 20320K, capacity 21232K, committed 21296K, reserved 1067008K
  class space    used 2961K, capacity 3174K, committed 3200K, reserved 1048576K
Event: 1.902 GC heap after
Heap after GC invocations=2 (full 0):
 PSYoungGen      total 38400K, used 5100K [0x0000000795580000, 0x000000079a080000, 0x00000007c0000000)
  eden space 33280K, 0% used [0x0000000795580000,0x0000000795580000,0x0000000797600000)
  from space 5120K, 99% used [0x0000000797b00000,0x0000000797ffb1a8,0x0000000798000000)
  to   space 5120K, 0% used [0x0000000797600000,0x0000000797600000,0x0000000797b00000)
 ParOldGen       total 87552K, used 4811K [0x0000000740000000, 0x0000000745580000, 0x0000000795580000)
  object space 87552K, 5% used [0x0000000740000000,0x00000007404b2f78,0x0000000745580000)
 Metaspace       used 20320K, capacity 21232K, committed 21296K, reserved 1067008K
  class space    used 2961K, capacity 3174K, committed 3200K, reserved 1048576K
}
Event: 1.902 GC heap before
{Heap before GC invocations=3 (full 1):
 PSYoungGen      total 38400K, used 5100K [0x0000000795580000, 0x000000079a080000, 0x00000007c0000000)
  eden space 33280K, 0% used [0x0000000795580000,0x0000000795580000,0x0000000797600000)
  from space 5120K, 99% used [0x0000000797b00000,0x0000000797ffb1a8,0x0000000798000000)
  to   space 5120K, 0% used [0x0000000797600000,0x0000000797600000,0x0000000797b00000)
 ParOldGen       total 87552K, used 4811K [0x0000000740000000, 0x0000000745580000, 0x0000000795580000)
  object space 87552K, 5% used [0x0000000740000000,0x00000007404b2f78,0x0000000745580000)
 Metaspace       used 20320K, capacity 21232K, committed 21296K, reserved 1067008K
  class space    used 2961K, capacity 3174K, committed 3200K, reserved 1048576K
Event: 1.951 GC heap after
Heap after GC invocations=3 (full 1):
 PSYoungGen      total 38400K, used 0K [0x0000000795580000, 0x000000079a080000, 0x00000007c0000000)
  eden space 33280K, 0% used [0x0000000795580000,0x0000000795580000,0x0000000797600000)
  from space 5120K, 0% used [0x0000000797b00000,0x0000000797b00000,0x0000000798000000)
  to   space 5120K, 0% used [0x0000000797600000,0x0000000797600000,0x0000000797b00000)
 ParOldGen       total 61952K, used 9535K [0x0000000740000000, 0x0000000743c80000, 0x0000000795580000)
  object space 61952K, 15% used [0x0000000740000000,0x000000074094fc10,0x0000000743c80000)
 Metaspace       used 20320K, capacity 21232K, committed 21296K, reserved 1067008K
  class space    used 2961K, capacity 3174K, committed 3200K, reserved 1048576K
}
Event: 7.386 GC heap before
{Heap before GC invocations=4 (full 1):
 PSYoungGen      total 38400K, used 33280K [0x0000000795580000, 0x000000079a080000, 0x00000007c0000000)
  eden space 33280K, 100% used [0x0000000795580000,0x0000000797600000,0x0000000797600000)
  from space 5120K, 0% used [0x0000000797b00000,0x0000000797b00000,0x0000000798000000)
  to   space 5120K, 0% used [0x0000000797600000,0x0000000797600000,0x0000000797b00000)
 ParOldGen       total 61952K, used 9535K [0x0000000740000000, 0x0000000743c80000, 0x0000000795580000)
  object space 61952K, 15% used [0x0000000740000000,0x000000074094fc10,0x0000000743c80000)
 Metaspace       used 26831K, capacity 28106K, committed 28416K, reserved 1073152K
  class space    used 3994K, capacity 4293K, committed 4352K, reserved 1048576K
Event: 7.396 GC heap after
Heap after GC invocations=4 (full 1):
 PSYoungGen      total 38400K, used 5102K [0x0000000795580000, 0x0000000798f80000, 0x00000007c0000000)
  eden space 33280K, 0% used [0x0000000795580000,0x0000000795580000,0x0000000797600000)
  from space 5120K, 99% used [0x0000000797600000,0x0000000797afb870,0x0000000797b00000)
  to   space 5120K, 0% used [0x0000000798a80000,0x0000000798a80000,0x0000000798f80000)
 ParOldGen       total 61952K, used 20577K [0x0000000740000000, 0x0000000743c80000, 0x0000000795580000)
  object space 61952K, 33% used [0x0000000740000000,0x0000000741418560,0x0000000743c80000)
 Metaspace       used 26831K, capacity 28106K, committed 28416K, reserved 1073152K
  class space    used 3994K, capacity 4293K, committed 4352K, reserved 1048576K
}
Event: 85.879 GC heap before
{Heap before GC invocations=5 (full 1):
 PSYoungGen      total 38400K, used 38382K [0x0000000795580000, 0x0000000798f80000, 0x00000007c0000000)
  eden space 33280K, 100% used [0x0000000795580000,0x0000000797600000,0x0000000797600000)
  from space 5120K, 99% used [0x0000000797600000,0x0000000797afb870,0x0000000797b00000)
  to   space 5120K, 0% used [0x0000000798a80000,0x0000000798a80000,0x0000000798f80000)
 ParOldGen       total 61952K, used 20577K [0x0000000740000000, 0x0000000743c80000, 0x0000000795580000)
  object space 61952K, 33% used [0x0000000740000000,0x0000000741418560,0x0000000743c80000)
 Metaspace       used 28454K, capacity 29746K, committed 29952K, reserved 1075200K
  class space    used 4054K, capacity 4343K, committed 4352K, reserved 1048576K
Event: 85.885 GC heap after
Heap after GC invocations=5 (full 1):
 PSYoungGen      total 51712K, used 5112K [0x0000000795580000, 0x0000000798f80000, 0x00000007c0000000)
  eden space 46592K, 0% used [0x0000000795580000,0x0000000795580000,0x0000000798300000)
  from space 5120K, 99% used [0x0000000798a80000,0x0000000798f7e078,0x0000000798f80000)
  to   space 5120K, 0% used [0x0000000798580000,0x0000000798580000,0x0000000798a80000)
 ParOldGen       total 61952K, used 21428K [0x0000000740000000, 0x0000000743c80000, 0x0000000795580000)
  object space 61952K, 34% used [0x0000000740000000,0x00000007414ed260,0x0000000743c80000)
 Metaspace       used 28454K, capacity 29746K, committed 29952K, reserved 1075200K
  class space    used 4054K, capacity 4343K, committed 4352K, reserved 1048576K
}

