# JRE version: Java(TM) SE Runtime Environment (8.0_45-b14) (build 1.8.0_45-b14)
# Java VM: Java HotSpot(TM) 64-Bit Server VM (25.45-b02 mixed mode bsd-amd64 compressed oops)
Heap:
 PSYoungGen      total 38400K, used 5947K [0x0000000795580000, 0x0000000798980000, 0x00000007c0000000)
  eden space 33280K, 2% used [0x0000000795580000,0x00000007956518d8,0x0000000797600000)
  from space 5120K, 99% used [0x0000000798480000,0x000000079897d6d0,0x0000000798980000)
  to   space 5120K, 0% used [0x0000000797600000,0x0000000797600000,0x0000000797b00000)
 ParOldGen       total 69120K, used 17845K [0x0000000740000000, 0x0000000744380000, 0x0000000795580000)
  object space 69120K, 25% used [0x0000000740000000,0x000000074116d608,0x0000000744380000)
 Metaspace       used 28258K, capacity 29556K, committed 29696K, reserved 1075200K
  class space    used 4014K, capacity 4308K, committed 4352K, reserved 1048576K
GC Heap History (10 events):
Event: 1.234 GC heap before
{Heap before GC invocations=1 (full 0):
 PSYoungGen      total 38400K, used 33280K [0x0000000795580000, 0x0000000798000000, 0x00000007c0000000)
  eden space 33280K, 100% used [0x0000000795580000,0x0000000797600000,0x0000000797600000)
  from space 5120K, 0% used [0x0000000797b00000,0x0000000797b00000,0x0000000798000000)
  to   space 5120K, 0% used [0x0000000797600000,0x0000000797600000,0x0000000797b00000)
 ParOldGen       total 87552K, used 0K [0x0000000740000000, 0x0000000745580000, 0x0000000795580000)
  object space 87552K, 0% used [0x0000000740000000,0x0000000740000000,0x0000000745580000)
 Metaspace       used 15585K, capacity 16106K, committed 16256K, reserved 1062912K
  class space    used 2210K, capacity 2369K, committed 2432K, reserved 1048576K
Event: 1.241 GC heap after
Heap after GC invocations=1 (full 0):
 PSYoungGen      total 38400K, used 5100K [0x0000000795580000, 0x0000000798000000, 0x00000007c0000000)
  eden space 33280K, 0% used [0x0000000795580000,0x0000000795580000,0x0000000797600000)
  from space 5120K, 99% used [0x0000000797600000,0x0000000797afb1a8,0x0000000797b00000)
  to   space 5120K, 0% used [0x0000000797b00000,0x0000000797b00000,0x0000000798000000)
 ParOldGen       total 87552K, used 1226K [0x0000000740000000, 0x0000000745580000, 0x0000000795580000)
  object space 87552K, 1% used [0x0000000740000000,0x0000000740132ae0,0x0000000745580000)
 Metaspace       used 15585K, capacity 16106K, committed 16256K, reserved 1062912K
  class space    used 2210K, capacity 2369K, committed 2432K, reserved 1048576K
}
Event: 1.869 GC heap before
{Heap before GC invocations=2 (full 0):
 PSYoungGen      total 38400K, used 22073K [0x0000000795580000, 0x0000000798000000, 0x00000007c0000000)
  eden space 33280K, 51% used [0x0000000795580000,0x0000000796613348,0x0000000797600000)
  from space 5120K, 99% used [0x0000000797600000,0x0000000797afb1a8,0x0000000797b00000)
  to   space 5120K, 0% used [0x0000000797b00000,0x0000000797b00000,0x0000000798000000)
 ParOldGen       total 87552K, used 1226K [0x0000000740000000, 0x0000000745580000, 0x0000000795580000)
  object space 87552K, 1% used [0x0000000740000000,0x0000000740132ae0,0x0000000745580000)
 Metaspace       used 20346K, capacity 21224K, committed 21296K, reserved 1067008K
  class space    used 2992K, capacity 3198K, committed 3200K, reserved 1048576K
Event: 1.880 GC heap after
Heap after GC invocations=2 (full 0):
 PSYoungGen      total 38400K, used 5108K [0x0000000795580000, 0x000000079a080000, 0x00000007c0000000)
  eden space 33280K, 0% used [0x0000000795580000,0x0000000795580000,0x0000000797600000)
  from space 5120K, 99% used [0x0000000797b00000,0x0000000797ffd050,0x0000000798000000)
  to   space 5120K, 0% used [0x0000000797600000,0x0000000797600000,0x0000000797b00000)
 ParOldGen       total 87552K, used 4835K [0x0000000740000000, 0x0000000745580000, 0x0000000795580000)
  object space 87552K, 5% used [0x0000000740000000,0x00000007404b8f18,0x0000000745580000)
 Metaspace       used 20346K, capacity 21224K, committed 21296K, reserved 1067008K
  class space    used 2992K, capacity 3198K, committed 3200K, reserved 1048576K
}
Event: 1.880 GC heap before
{Heap before GC invocations=3 (full 1):
 PSYoungGen      total 38400K, used 5108K [0x0000000795580000, 0x000000079a080000, 0x00000007c0000000)
  eden space 33280K, 0% used [0x0000000795580000,0x0000000795580000,0x0000000797600000)
  from space 5120K, 99% used [0x0000000797b00000,0x0000000797ffd050,0x0000000798000000)
  to   space 5120K, 0% used [0x0000000797600000,0x0000000797600000,0x0000000797b00000)
 ParOldGen       total 87552K, used 4835K [0x0000000740000000, 0x0000000745580000, 0x0000000795580000)
  object space 87552K, 5% used [0x0000000740000000,0x00000007404b8f18,0x0000000745580000)
 Metaspace       used 20346K, capacity 21224K, committed 21296K, reserved 1067008K
  class space    used 2992K, capacity 3198K, committed 3200K, reserved 1048576K
Event: 1.919 GC heap after
Heap after GC invocations=3 (full 1):
 PSYoungGen      total 38400K, used 0K [0x0000000795580000, 0x000000079a080000, 0x00000007c0000000)
  eden space 33280K, 0% used [0x0000000795580000,0x0000000795580000,0x0000000797600000)
  from space 5120K, 0% used [0x0000000797b00000,0x0000000797b00000,0x0000000798000000)
  to   space 5120K, 0% used [0x0000000797600000,0x0000000797600000,0x0000000797b00000)
 ParOldGen       total 69120K, used 9576K [0x0000000740000000, 0x0000000744380000, 0x0000000795580000)
  object space 69120K, 13% used [0x0000000740000000,0x000000074095a080,0x0000000744380000)
 Metaspace       used 20346K, capacity 21224K, committed 21296K, reserved 1067008K
  class space    used 2992K, capacity 3198K, committed 3200K, reserved 1048576K
}
Event: 7.356 GC heap before
{Heap before GC invocations=4 (full 1):
 PSYoungGen      total 38400K, used 33280K [0x0000000795580000, 0x000000079a080000, 0x00000007c0000000)
  eden space 33280K, 100% used [0x0000000795580000,0x0000000797600000,0x0000000797600000)
  from space 5120K, 0% used [0x0000000797b00000,0x0000000797b00000,0x0000000798000000)
  to   space 5120K, 0% used [0x0000000797600000,0x0000000797600000,0x0000000797b00000)
 ParOldGen       total 69120K, used 9576K [0x0000000740000000, 0x0000000744380000, 0x0000000795580000)
  object space 69120K, 13% used [0x0000000740000000,0x000000074095a080,0x0000000744380000)
 Metaspace       used 25972K, capacity 27068K, committed 27264K, reserved 1073152K
  class space    used 3842K, capacity 4100K, committed 4224K, reserved 1048576K
Event: 7.368 GC heap after
Heap after GC invocations=4 (full 1):
 PSYoungGen      total 38400K, used 5109K [0x0000000795580000, 0x0000000798980000, 0x00000007c0000000)
  eden space 33280K, 0% used [0x0000000795580000,0x0000000795580000,0x0000000797600000)
  from space 5120K, 99% used [0x0000000797600000,0x0000000797afd6d0,0x0000000797b00000)
  to   space 5120K, 0% used [0x0000000798480000,0x0000000798480000,0x0000000798980000)
 ParOldGen       total 69120K, used 17120K [0x0000000740000000, 0x0000000744380000, 0x0000000795580000)
  object space 69120K, 24% used [0x0000000740000000,0x00000007410b80f8,0x0000000744380000)
 Metaspace       used 25972K, capacity 27068K, committed 27264K, reserved 1073152K
  class space    used 3842K, capacity 4100K, committed 4224K, reserved 1048576K
}
Event: 595.479 GC heap before
{Heap before GC invocations=5 (full 1):
 PSYoungGen      total 38400K, used 38389K [0x0000000795580000, 0x0000000798980000, 0x00000007c0000000)
  eden space 33280K, 100% used [0x0000000795580000,0x0000000797600000,0x0000000797600000)
  from space 5120K, 99% used [0x0000000797600000,0x0000000797afd6d0,0x0000000797b00000)
  to   space 5120K, 0% used [0x0000000798480000,0x0000000798480000,0x0000000798980000)
 ParOldGen       total 69120K, used 17120K [0x0000000740000000, 0x0000000744380000, 0x0000000795580000)
  object space 69120K, 24% used [0x0000000740000000,0x00000007410b80f8,0x0000000744380000)
 Metaspace       used 28247K, capacity 29556K, committed 29696K, reserved 1075200K
  class space    used 4011K, capacity 4308K, committed 4352K, reserved 1048576K
Event: 595.487 GC heap after
Heap after GC invocations=5 (full 1):
 PSYoungGen      total 38400K, used 5109K [0x0000000795580000, 0x0000000798980000, 0x00000007c0000000)
  eden space 33280K, 0% used [0x0000000795580000,0x0000000795580000,0x0000000797600000)
  from space 5120K, 99% used [0x0000000798480000,0x000000079897d6d0,0x0000000798980000)
  to   space 5120K, 0% used [0x0000000797600000,0x0000000797600000,0x0000000797b00000)
 ParOldGen       total 69120K, used 17845K [0x0000000740000000, 0x0000000744380000, 0x0000000795580000)
  object space 69120K, 25% used [0x0000000740000000,0x000000074116d608,0x0000000744380000)
 Metaspace       used 28247K, capacity 29556K, committed 29696K, reserved 1075200K
  class space    used 4011K, capacity 4308K, committed 4352K, reserved 1048576K
}

