# JRE version: Java(TM) SE Runtime Environment (8.0_45-b14) (build 1.8.0_45-b14)
# Java VM: Java HotSpot(TM) 64-Bit Server VM (25.45-b02 mixed mode bsd-amd64 compressed oops)
Heap:
 PSYoungGen      total 62976K, used 20809K [0x0000000795580000, 0x000000079a080000, 0x00000007c0000000)
  eden space 57856K, 27% used [0x0000000795580000,0x00000007964d2f40,0x0000000798e00000)
  from space 5120K, 99% used [0x0000000799b80000,0x000000079a07f5c8,0x000000079a080000)
  to   space 5120K, 0% used [0x0000000799680000,0x0000000799680000,0x0000000799b80000)
 ParOldGen       total 54784K, used 20101K [0x0000000740000000, 0x0000000743580000, 0x0000000795580000)
  object space 54784K, 36% used [0x0000000740000000,0x00000007413a16c8,0x0000000743580000)
 Metaspace       used 27837K, capacity 29108K, committed 29260K, reserved 1075200K
  class space    used 4008K, capacity 4308K, committed 4428K, reserved 1048576K
GC Heap History (10 events):
Event: 1.294 GC heap before
{Heap before GC invocations=1 (full 0):
 PSYoungGen      total 38400K, used 33280K [0x0000000795580000, 0x0000000798000000, 0x00000007c0000000)
  eden space 33280K, 100% used [0x0000000795580000,0x0000000797600000,0x0000000797600000)
  from space 5120K, 0% used [0x0000000797b00000,0x0000000797b00000,0x0000000798000000)
  to   space 5120K, 0% used [0x0000000797600000,0x0000000797600000,0x0000000797b00000)
 ParOldGen       total 87552K, used 0K [0x0000000740000000, 0x0000000745580000, 0x0000000795580000)
  object space 87552K, 0% used [0x0000000740000000,0x0000000740000000,0x0000000745580000)
 Metaspace       used 15592K, capacity 16136K, committed 16256K, reserved 1062912K
  class space    used 2235K, capacity 2400K, committed 2432K, reserved 1048576K
Event: 1.305 GC heap after
Heap after GC invocations=1 (full 0):
 PSYoungGen      total 38400K, used 5116K [0x0000000795580000, 0x0000000798000000, 0x00000007c0000000)
  eden space 33280K, 0% used [0x0000000795580000,0x0000000795580000,0x0000000797600000)
  from space 5120K, 99% used [0x0000000797600000,0x0000000797aff198,0x0000000797b00000)
  to   space 5120K, 0% used [0x0000000797b00000,0x0000000797b00000,0x0000000798000000)
 ParOldGen       total 87552K, used 1242K [0x0000000740000000, 0x0000000745580000, 0x0000000795580000)
  object space 87552K, 1% used [0x0000000740000000,0x0000000740136ae0,0x0000000745580000)
 Metaspace       used 15592K, capacity 16136K, committed 16256K, reserved 1062912K
  class space    used 2235K, capacity 2400K, committed 2432K, reserved 1048576K
}
Event: 2.050 GC heap before
{Heap before GC invocations=2 (full 0):
 PSYoungGen      total 38400K, used 22196K [0x0000000795580000, 0x0000000798000000, 0x00000007c0000000)
  eden space 33280K, 51% used [0x0000000795580000,0x000000079662dea8,0x0000000797600000)
  from space 5120K, 99% used [0x0000000797600000,0x0000000797aff198,0x0000000797b00000)
  to   space 5120K, 0% used [0x0000000797b00000,0x0000000797b00000,0x0000000798000000)
 ParOldGen       total 87552K, used 1242K [0x0000000740000000, 0x0000000745580000, 0x0000000795580000)
  object space 87552K, 1% used [0x0000000740000000,0x0000000740136ae0,0x0000000745580000)
 Metaspace       used 20332K, capacity 21288K, committed 21552K, reserved 1067008K
  class space    used 2963K, capacity 3172K, committed 3200K, reserved 1048576K
Event: 2.067 GC heap after
Heap after GC invocations=2 (full 0):
 PSYoungGen      total 38400K, used 5092K [0x0000000795580000, 0x000000079a080000, 0x00000007c0000000)
  eden space 33280K, 0% used [0x0000000795580000,0x0000000795580000,0x0000000797600000)
  from space 5120K, 99% used [0x0000000797b00000,0x0000000797ff9040,0x0000000798000000)
  to   space 5120K, 0% used [0x0000000797600000,0x0000000797600000,0x0000000797b00000)
 ParOldGen       total 87552K, used 4829K [0x0000000740000000, 0x0000000745580000, 0x0000000795580000)
  object space 87552K, 5% used [0x0000000740000000,0x00000007404b7488,0x0000000745580000)
 Metaspace       used 20332K, capacity 21288K, committed 21552K, reserved 1067008K
  class space    used 2963K, capacity 3172K, committed 3200K, reserved 1048576K
}
Event: 2.081 GC heap before
{Heap before GC invocations=3 (full 0):
 PSYoungGen      total 38400K, used 5815K [0x0000000795580000, 0x000000079a080000, 0x00000007c0000000)
  eden space 33280K, 2% used [0x0000000795580000,0x0000000795634c30,0x0000000797600000)
  from space 5120K, 99% used [0x0000000797b00000,0x0000000797ff9040,0x0000000798000000)
  to   space 5120K, 0% used [0x0000000797600000,0x0000000797600000,0x0000000797b00000)
 ParOldGen       total 87552K, used 4829K [0x0000000740000000, 0x0000000745580000, 0x0000000795580000)
  object space 87552K, 5% used [0x0000000740000000,0x00000007404b7488,0x0000000745580000)
 Metaspace       used 20569K, capacity 21556K, committed 21628K, reserved 1067008K
  class space    used 3008K, capacity 3240K, committed 3276K, reserved 1048576K
Event: 2.086 GC heap after
Heap after GC invocations=3 (full 0):
 PSYoungGen      total 38400K, used 5108K [0x0000000795580000, 0x000000079a080000, 0x00000007c0000000)
  eden space 33280K, 0% used [0x0000000795580000,0x0000000795580000,0x0000000797600000)
  from space 5120K, 99% used [0x0000000797600000,0x0000000797afd030,0x0000000797b00000)
  to   space 5120K, 0% used [0x0000000799b80000,0x0000000799b80000,0x000000079a080000)
 ParOldGen       total 87552K, used 4919K [0x0000000740000000, 0x0000000745580000, 0x0000000795580000)
  object space 87552K, 5% used [0x0000000740000000,0x00000007404cdf60,0x0000000745580000)
 Metaspace       used 20569K, capacity 21556K, committed 21628K, reserved 1067008K
  class space    used 3008K, capacity 3240K, committed 3276K, reserved 1048576K
}
Event: 2.086 GC heap before
{Heap before GC invocations=4 (full 1):
 PSYoungGen      total 38400K, used 5108K [0x0000000795580000, 0x000000079a080000, 0x00000007c0000000)
  eden space 33280K, 0% used [0x0000000795580000,0x0000000795580000,0x0000000797600000)
  from space 5120K, 99% used [0x0000000797600000,0x0000000797afd030,0x0000000797b00000)
  to   space 5120K, 0% used [0x0000000799b80000,0x0000000799b80000,0x000000079a080000)
 ParOldGen       total 87552K, used 4919K [0x0000000740000000, 0x0000000745580000, 0x0000000795580000)
  object space 87552K, 5% used [0x0000000740000000,0x00000007404cdf60,0x0000000745580000)
 Metaspace       used 20569K, capacity 21556K, committed 21628K, reserved 1067008K
  class space    used 3008K, capacity 3240K, committed 3276K, reserved 1048576K
Event: 2.139 GC heap after
Heap after GC invocations=4 (full 1):
 PSYoungGen      total 38400K, used 0K [0x0000000795580000, 0x000000079a080000, 0x00000007c0000000)
  eden space 33280K, 0% used [0x0000000795580000,0x0000000795580000,0x0000000797600000)
  from space 5120K, 0% used [0x0000000797600000,0x0000000797600000,0x0000000797b00000)
  to   space 5120K, 0% used [0x0000000799b80000,0x0000000799b80000,0x000000079a080000)
 ParOldGen       total 54784K, used 9526K [0x0000000740000000, 0x0000000743580000, 0x0000000795580000)
  object space 54784K, 17% used [0x0000000740000000,0x000000074094d9f8,0x0000000743580000)
 Metaspace       used 20569K, capacity 21556K, committed 21628K, reserved 1067008K
  class space    used 3008K, capacity 3240K, committed 3276K, reserved 1048576K
}
Event: 8.939 GC heap before
{Heap before GC invocations=5 (full 1):
 PSYoungGen      total 38400K, used 33280K [0x0000000795580000, 0x000000079a080000, 0x00000007c0000000)
  eden space 33280K, 100% used [0x0000000795580000,0x0000000797600000,0x0000000797600000)
  from space 5120K, 0% used [0x0000000797600000,0x0000000797600000,0x0000000797b00000)
  to   space 5120K, 0% used [0x0000000799b80000,0x0000000799b80000,0x000000079a080000)
 ParOldGen       total 54784K, used 9526K [0x0000000740000000, 0x0000000743580000, 0x0000000795580000)
  object space 54784K, 17% used [0x0000000740000000,0x000000074094d9f8,0x0000000743580000)
 Metaspace       used 26123K, capacity 27214K, committed 27468K, reserved 1073152K
  class space    used 3856K, capacity 4103K, committed 4172K, reserved 1048576K
Event: 8.952 GC heap after
Heap after GC invocations=5 (full 1):
 PSYoungGen      total 62976K, used 5117K [0x0000000795580000, 0x000000079a080000, 0x00000007c0000000)
  eden space 57856K, 0% used [0x0000000795580000,0x0000000795580000,0x0000000798e00000)
  from space 5120K, 99% used [0x0000000799b80000,0x000000079a07f5c8,0x000000079a080000)
  to   space 5120K, 0% used [0x0000000799680000,0x0000000799680000,0x0000000799b80000)
 ParOldGen       total 54784K, used 20101K [0x0000000740000000, 0x0000000743580000, 0x0000000795580000)
  object space 54784K, 36% used [0x0000000740000000,0x00000007413a16c8,0x0000000743580000)
 Metaspace       used 26123K, capacity 27214K, committed 27468K, reserved 1073152K
  class space    used 3856K, capacity 4103K, committed 4172K, reserved 1048576K
}

