# JRE version: Java(TM) SE Runtime Environment (8.0_45-b14) (build 1.8.0_45-b14)
# Java VM: Java HotSpot(TM) 64-Bit Server VM (25.45-b02 mixed mode bsd-amd64 compressed oops)
Heap:
 PSYoungGen      total 38400K, used 17715K [0x0000000795580000, 0x0000000798700000, 0x00000007c0000000)
  eden space 33280K, 37% used [0x0000000795580000,0x00000007961cf7d8,0x0000000797600000)
  from space 5120K, 99% used [0x0000000798200000,0x00000007986fd6d0,0x0000000798700000)
  to   space 5120K, 0% used [0x0000000797600000,0x0000000797600000,0x0000000797b00000)
 ParOldGen       total 71680K, used 28419K [0x0000000740000000, 0x0000000744600000, 0x0000000795580000)
  object space 71680K, 39% used [0x0000000740000000,0x0000000741bc0d90,0x0000000744600000)
 Metaspace       used 28437K, capacity 29700K, committed 29952K, reserved 1075200K
  class space    used 4016K, capacity 4308K, committed 4352K, reserved 1048576K
GC Heap History (10 events):
Event: 1.219 GC heap before
{Heap before GC invocations=1 (full 0):
 PSYoungGen      total 38400K, used 33280K [0x0000000795580000, 0x0000000798000000, 0x00000007c0000000)
  eden space 33280K, 100% used [0x0000000795580000,0x0000000797600000,0x0000000797600000)
  from space 5120K, 0% used [0x0000000797b00000,0x0000000797b00000,0x0000000798000000)
  to   space 5120K, 0% used [0x0000000797600000,0x0000000797600000,0x0000000797b00000)
 ParOldGen       total 87552K, used 0K [0x0000000740000000, 0x0000000745580000, 0x0000000795580000)
  object space 87552K, 0% used [0x0000000740000000,0x0000000740000000,0x0000000745580000)
 Metaspace       used 15590K, capacity 16140K, committed 16256K, reserved 1062912K
  class space    used 2235K, capacity 2400K, committed 2432K, reserved 1048576K
Event: 1.226 GC heap after
Heap after GC invocations=1 (full 0):
 PSYoungGen      total 38400K, used 5100K [0x0000000795580000, 0x0000000798000000, 0x00000007c0000000)
  eden space 33280K, 0% used [0x0000000795580000,0x0000000795580000,0x0000000797600000)
  from space 5120K, 99% used [0x0000000797600000,0x0000000797afb1a8,0x0000000797b00000)
  to   space 5120K, 0% used [0x0000000797b00000,0x0000000797b00000,0x0000000798000000)
 ParOldGen       total 87552K, used 1255K [0x0000000740000000, 0x0000000745580000, 0x0000000795580000)
  object space 87552K, 1% used [0x0000000740000000,0x0000000740139e10,0x0000000745580000)
 Metaspace       used 15590K, capacity 16140K, committed 16256K, reserved 1062912K
  class space    used 2235K, capacity 2400K, committed 2432K, reserved 1048576K
}
Event: 1.908 GC heap before
{Heap before GC invocations=2 (full 0):
 PSYoungGen      total 38400K, used 22639K [0x0000000795580000, 0x0000000798000000, 0x00000007c0000000)
  eden space 33280K, 52% used [0x0000000795580000,0x00000007966a0cf8,0x0000000797600000)
  from space 5120K, 99% used [0x0000000797600000,0x0000000797afb1a8,0x0000000797b00000)
  to   space 5120K, 0% used [0x0000000797b00000,0x0000000797b00000,0x0000000798000000)
 ParOldGen       total 87552K, used 1255K [0x0000000740000000, 0x0000000745580000, 0x0000000795580000)
  object space 87552K, 1% used [0x0000000740000000,0x0000000740139e10,0x0000000745580000)
 Metaspace       used 20354K, capacity 21236K, committed 21296K, reserved 1067008K
  class space    used 2968K, capacity 3176K, committed 3200K, reserved 1048576K
Event: 1.916 GC heap after
Heap after GC invocations=2 (full 0):
 PSYoungGen      total 38400K, used 5108K [0x0000000795580000, 0x0000000798000000, 0x00000007c0000000)
  eden space 33280K, 0% used [0x0000000795580000,0x0000000795580000,0x0000000797600000)
  from space 5120K, 99% used [0x0000000797b00000,0x0000000797ffd030,0x0000000798000000)
  to   space 5120K, 0% used [0x0000000797600000,0x0000000797600000,0x0000000797b00000)
 ParOldGen       total 87552K, used 4821K [0x0000000740000000, 0x0000000745580000, 0x0000000795580000)
  object space 87552K, 5% used [0x0000000740000000,0x00000007404b5418,0x0000000745580000)
 Metaspace       used 20354K, capacity 21236K, committed 21296K, reserved 1067008K
  class space    used 2968K, capacity 3176K, committed 3200K, reserved 1048576K
}
Event: 1.916 GC heap before
{Heap before GC invocations=3 (full 1):
 PSYoungGen      total 38400K, used 5108K [0x0000000795580000, 0x0000000798000000, 0x00000007c0000000)
  eden space 33280K, 0% used [0x0000000795580000,0x0000000795580000,0x0000000797600000)
  from space 5120K, 99% used [0x0000000797b00000,0x0000000797ffd030,0x0000000798000000)
  to   space 5120K, 0% used [0x0000000797600000,0x0000000797600000,0x0000000797b00000)
 ParOldGen       total 87552K, used 4821K [0x0000000740000000, 0x0000000745580000, 0x0000000795580000)
  object space 87552K, 5% used [0x0000000740000000,0x00000007404b5418,0x0000000745580000)
 Metaspace       used 20354K, capacity 21236K, committed 21296K, reserved 1067008K
  class space    used 2968K, capacity 3176K, committed 3200K, reserved 1048576K
Event: 1.961 GC heap after
Heap after GC invocations=3 (full 1):
 PSYoungGen      total 38400K, used 0K [0x0000000795580000, 0x0000000798000000, 0x00000007c0000000)
  eden space 33280K, 0% used [0x0000000795580000,0x0000000795580000,0x0000000797600000)
  from space 5120K, 0% used [0x0000000797b00000,0x0000000797b00000,0x0000000798000000)
  to   space 5120K, 0% used [0x0000000797600000,0x0000000797600000,0x0000000797b00000)
 ParOldGen       total 71680K, used 9549K [0x0000000740000000, 0x0000000744600000, 0x0000000795580000)
  object space 71680K, 13% used [0x0000000740000000,0x00000007409536d8,0x0000000744600000)
 Metaspace       used 20354K, capacity 21236K, committed 21296K, reserved 1067008K
  class space    used 2968K, capacity 3176K, committed 3200K, reserved 1048576K
}
Event: 8.133 GC heap before
{Heap before GC invocations=4 (full 1):
 PSYoungGen      total 38400K, used 33280K [0x0000000795580000, 0x0000000798000000, 0x00000007c0000000)
  eden space 33280K, 100% used [0x0000000795580000,0x0000000797600000,0x0000000797600000)
  from space 5120K, 0% used [0x0000000797b00000,0x0000000797b00000,0x0000000798000000)
  to   space 5120K, 0% used [0x0000000797600000,0x0000000797600000,0x0000000797b00000)
 ParOldGen       total 71680K, used 9549K [0x0000000740000000, 0x0000000744600000, 0x0000000795580000)
  object space 71680K, 13% used [0x0000000740000000,0x00000007409536d8,0x0000000744600000)
 Metaspace       used 26539K, capacity 27706K, committed 28032K, reserved 1073152K
  class space    used 3948K, capacity 4197K, committed 4224K, reserved 1048576K
Event: 8.144 GC heap after
Heap after GC invocations=4 (full 1):
 PSYoungGen      total 38400K, used 5104K [0x0000000795580000, 0x0000000798700000, 0x00000007c0000000)
  eden space 33280K, 0% used [0x0000000795580000,0x0000000795580000,0x0000000797600000)
  from space 5120K, 99% used [0x0000000797600000,0x0000000797afc1a8,0x0000000797b00000)
  to   space 5120K, 0% used [0x0000000798200000,0x0000000798200000,0x0000000798700000)
 ParOldGen       total 71680K, used 20560K [0x0000000740000000, 0x0000000744600000, 0x0000000795580000)
  object space 71680K, 28% used [0x0000000740000000,0x0000000741414200,0x0000000744600000)
 Metaspace       used 26539K, capacity 27706K, committed 28032K, reserved 1073152K
  class space    used 3948K, capacity 4197K, committed 4224K, reserved 1048576K
}
Event: 113.954 GC heap before
{Heap before GC invocations=5 (full 1):
 PSYoungGen      total 38400K, used 38384K [0x0000000795580000, 0x0000000798700000, 0x00000007c0000000)
  eden space 33280K, 100% used [0x0000000795580000,0x0000000797600000,0x0000000797600000)
  from space 5120K, 99% used [0x0000000797600000,0x0000000797afc1a8,0x0000000797b00000)
  to   space 5120K, 0% used [0x0000000798200000,0x0000000798200000,0x0000000798700000)
 ParOldGen       total 71680K, used 20560K [0x0000000740000000, 0x0000000744600000, 0x0000000795580000)
  object space 71680K, 28% used [0x0000000740000000,0x0000000741414200,0x0000000744600000)
 Metaspace       used 28157K, capacity 29420K, committed 29696K, reserved 1075200K
  class space    used 4002K, capacity 4294K, committed 4352K, reserved 1048576K
Event: 113.964 GC heap after
Heap after GC invocations=5 (full 1):
 PSYoungGen      total 38400K, used 5109K [0x0000000795580000, 0x0000000798700000, 0x00000007c0000000)
  eden space 33280K, 0% used [0x0000000795580000,0x0000000795580000,0x0000000797600000)
  from space 5120K, 99% used [0x0000000798200000,0x00000007986fd6d0,0x0000000798700000)
  to   space 5120K, 0% used [0x0000000797600000,0x0000000797600000,0x0000000797b00000)
 ParOldGen       total 71680K, used 28419K [0x0000000740000000, 0x0000000744600000, 0x0000000795580000)
  object space 71680K, 39% used [0x0000000740000000,0x0000000741bc0d90,0x0000000744600000)
 Metaspace       used 28157K, capacity 29420K, committed 29696K, reserved 1075200K
  class space    used 4002K, capacity 4294K, committed 4352K, reserved 1048576K
}

