# JRE version: Java(TM) SE Runtime Environment (8.0_45-b14) (build 1.8.0_45-b14)
# Java VM: Java HotSpot(TM) 64-Bit Server VM (25.45-b02 mixed mode bsd-amd64 compressed oops)
Heap:
 PSYoungGen      total 38400K, used 26044K [0x0000000795580000, 0x0000000798780000, 0x00000007c0000000)
  eden space 33280K, 62% used [0x0000000795580000,0x00000007969f0728,0x0000000797600000)
  from space 5120K, 99% used [0x0000000797600000,0x0000000797afea08,0x0000000797b00000)
  to   space 5120K, 0% used [0x0000000798280000,0x0000000798280000,0x0000000798780000)
 ParOldGen       total 71168K, used 27851K [0x0000000740000000, 0x0000000744580000, 0x0000000795580000)
  object space 71168K, 39% used [0x0000000740000000,0x0000000741b32fa0,0x0000000744580000)
 Metaspace       used 28415K, capacity 29724K, committed 29824K, reserved 1075200K
  class space    used 4062K, capacity 4394K, committed 4480K, reserved 1048576K
GC Heap History (8 events):
Event: 1.221 GC heap before
{Heap before GC invocations=1 (full 0):
 PSYoungGen      total 38400K, used 33280K [0x0000000795580000, 0x0000000798000000, 0x00000007c0000000)
  eden space 33280K, 100% used [0x0000000795580000,0x0000000797600000,0x0000000797600000)
  from space 5120K, 0% used [0x0000000797b00000,0x0000000797b00000,0x0000000798000000)
  to   space 5120K, 0% used [0x0000000797600000,0x0000000797600000,0x0000000797b00000)
 ParOldGen       total 87552K, used 0K [0x0000000740000000, 0x0000000745580000, 0x0000000795580000)
  object space 87552K, 0% used [0x0000000740000000,0x0000000740000000,0x0000000745580000)
 Metaspace       used 15583K, capacity 16106K, committed 16256K, reserved 1062912K
  class space    used 2209K, capacity 2369K, committed 2432K, reserved 1048576K
Event: 1.229 GC heap after
Heap after GC invocations=1 (full 0):
 PSYoungGen      total 38400K, used 5100K [0x0000000795580000, 0x0000000798000000, 0x00000007c0000000)
  eden space 33280K, 0% used [0x0000000795580000,0x0000000795580000,0x0000000797600000)
  from space 5120K, 99% used [0x0000000797600000,0x0000000797afb1a8,0x0000000797b00000)
  to   space 5120K, 0% used [0x0000000797b00000,0x0000000797b00000,0x0000000798000000)
 ParOldGen       total 87552K, used 1243K [0x0000000740000000, 0x0000000745580000, 0x0000000795580000)
  object space 87552K, 1% used [0x0000000740000000,0x0000000740136e00,0x0000000745580000)
 Metaspace       used 15583K, capacity 16106K, committed 16256K, reserved 1062912K
  class space    used 2209K, capacity 2369K, committed 2432K, reserved 1048576K
}
Event: 1.830 GC heap before
{Heap before GC invocations=2 (full 0):
 PSYoungGen      total 38400K, used 21653K [0x0000000795580000, 0x0000000798000000, 0x00000007c0000000)
  eden space 33280K, 49% used [0x0000000795580000,0x00000007965aa348,0x0000000797600000)
  from space 5120K, 99% used [0x0000000797600000,0x0000000797afb1a8,0x0000000797b00000)
  to   space 5120K, 0% used [0x0000000797b00000,0x0000000797b00000,0x0000000798000000)
 ParOldGen       total 87552K, used 1243K [0x0000000740000000, 0x0000000745580000, 0x0000000795580000)
  object space 87552K, 1% used [0x0000000740000000,0x0000000740136e00,0x0000000745580000)
 Metaspace       used 20312K, capacity 21200K, committed 21296K, reserved 1067008K
  class space    used 2968K, capacity 3168K, committed 3200K, reserved 1048576K
Event: 1.839 GC heap after
Heap after GC invocations=2 (full 0):
 PSYoungGen      total 38400K, used 5100K [0x0000000795580000, 0x0000000798000000, 0x00000007c0000000)
  eden space 33280K, 0% used [0x0000000795580000,0x0000000795580000,0x0000000797600000)
  from space 5120K, 99% used [0x0000000797b00000,0x0000000797ffb1c8,0x0000000798000000)
  to   space 5120K, 0% used [0x0000000797600000,0x0000000797600000,0x0000000797b00000)
 ParOldGen       total 87552K, used 4830K [0x0000000740000000, 0x0000000745580000, 0x0000000795580000)
  object space 87552K, 5% used [0x0000000740000000,0x00000007404b7a30,0x0000000745580000)
 Metaspace       used 20312K, capacity 21200K, committed 21296K, reserved 1067008K
  class space    used 2968K, capacity 3168K, committed 3200K, reserved 1048576K
}
Event: 1.839 GC heap before
{Heap before GC invocations=3 (full 1):
 PSYoungGen      total 38400K, used 5100K [0x0000000795580000, 0x0000000798000000, 0x00000007c0000000)
  eden space 33280K, 0% used [0x0000000795580000,0x0000000795580000,0x0000000797600000)
  from space 5120K, 99% used [0x0000000797b00000,0x0000000797ffb1c8,0x0000000798000000)
  to   space 5120K, 0% used [0x0000000797600000,0x0000000797600000,0x0000000797b00000)
 ParOldGen       total 87552K, used 4830K [0x0000000740000000, 0x0000000745580000, 0x0000000795580000)
  object space 87552K, 5% used [0x0000000740000000,0x00000007404b7a30,0x0000000745580000)
 Metaspace       used 20312K, capacity 21200K, committed 21296K, reserved 1067008K
  class space    used 2968K, capacity 3168K, committed 3200K, reserved 1048576K
Event: 1.887 GC heap after
Heap after GC invocations=3 (full 1):
 PSYoungGen      total 38400K, used 0K [0x0000000795580000, 0x0000000798000000, 0x00000007c0000000)
  eden space 33280K, 0% used [0x0000000795580000,0x0000000795580000,0x0000000797600000)
  from space 5120K, 0% used [0x0000000797b00000,0x0000000797b00000,0x0000000798000000)
  to   space 5120K, 0% used [0x0000000797600000,0x0000000797600000,0x0000000797b00000)
 ParOldGen       total 71168K, used 9569K [0x0000000740000000, 0x0000000744580000, 0x0000000795580000)
  object space 71168K, 13% used [0x0000000740000000,0x0000000740958630,0x0000000744580000)
 Metaspace       used 20312K, capacity 21200K, committed 21296K, reserved 1067008K
  class space    used 2968K, capacity 3168K, committed 3200K, reserved 1048576K
}
Event: 10.638 GC heap before
{Heap before GC invocations=4 (full 1):
 PSYoungGen      total 38400K, used 33280K [0x0000000795580000, 0x0000000798000000, 0x00000007c0000000)
  eden space 33280K, 100% used [0x0000000795580000,0x0000000797600000,0x0000000797600000)
  from space 5120K, 0% used [0x0000000797b00000,0x0000000797b00000,0x0000000798000000)
  to   space 5120K, 0% used [0x0000000797600000,0x0000000797600000,0x0000000797b00000)
 ParOldGen       total 71168K, used 9569K [0x0000000740000000, 0x0000000744580000, 0x0000000795580000)
  object space 71168K, 13% used [0x0000000740000000,0x0000000740958630,0x0000000744580000)
 Metaspace       used 26802K, capacity 28106K, committed 28416K, reserved 1073152K
  class space    used 3982K, capacity 4293K, committed 4352K, reserved 1048576K
Event: 10.656 GC heap after
Heap after GC invocations=4 (full 1):
 PSYoungGen      total 38400K, used 5114K [0x0000000795580000, 0x0000000798780000, 0x00000007c0000000)
  eden space 33280K, 0% used [0x0000000795580000,0x0000000795580000,0x0000000797600000)
  from space 5120K, 99% used [0x0000000797600000,0x0000000797afea08,0x0000000797b00000)
  to   space 5120K, 0% used [0x0000000798280000,0x0000000798280000,0x0000000798780000)
 ParOldGen       total 71168K, used 27851K [0x0000000740000000, 0x0000000744580000, 0x0000000795580000)
  object space 71168K, 39% used [0x0000000740000000,0x0000000741b32fa0,0x0000000744580000)
 Metaspace       used 26802K, capacity 28106K, committed 28416K, reserved 1073152K
  class space    used 3982K, capacity 4293K, committed 4352K, reserved 1048576K
}

