# JRE version: Java(TM) SE Runtime Environment (8.0_45-b14) (build 1.8.0_45-b14)
# Java VM: Java HotSpot(TM) 64-Bit Server VM (25.45-b02 mixed mode bsd-amd64 compressed oops)
Heap:
 PSYoungGen      total 38400K, used 33888K [0x0000000795580000, 0x0000000798a00000, 0x00000007c0000000)
  eden space 33280K, 86% used [0x0000000795580000,0x000000079719c9e8,0x0000000797600000)
  from space 5120K, 99% used [0x0000000797600000,0x0000000797afb870,0x0000000797b00000)
  to   space 5120K, 0% used [0x0000000798500000,0x0000000798500000,0x0000000798a00000)
 ParOldGen       total 68096K, used 17255K [0x0000000740000000, 0x0000000744280000, 0x0000000795580000)
  object space 68096K, 25% used [0x0000000740000000,0x00000007410d9cf8,0x0000000744280000)
 Metaspace       used 28349K, capacity 29648K, committed 29696K, reserved 1075200K
  class space    used 4053K, capacity 4346K, committed 4352K, reserved 1048576K
GC Heap History (8 events):
Event: 1.302 GC heap before
{Heap before GC invocations=1 (full 0):
 PSYoungGen      total 38400K, used 33280K [0x0000000795580000, 0x0000000798000000, 0x00000007c0000000)
  eden space 33280K, 100% used [0x0000000795580000,0x0000000797600000,0x0000000797600000)
  from space 5120K, 0% used [0x0000000797b00000,0x0000000797b00000,0x0000000798000000)
  to   space 5120K, 0% used [0x0000000797600000,0x0000000797600000,0x0000000797b00000)
 ParOldGen       total 87552K, used 0K [0x0000000740000000, 0x0000000745580000, 0x0000000795580000)
  object space 87552K, 0% used [0x0000000740000000,0x0000000740000000,0x0000000745580000)
 Metaspace       used 15578K, capacity 16110K, committed 16256K, reserved 1062912K
  class space    used 2208K, capacity 2369K, committed 2432K, reserved 1048576K
Event: 1.310 GC heap after
Heap after GC invocations=1 (full 0):
 PSYoungGen      total 38400K, used 5116K [0x0000000795580000, 0x0000000798000000, 0x00000007c0000000)
  eden space 33280K, 0% used [0x0000000795580000,0x0000000795580000,0x0000000797600000)
  from space 5120K, 99% used [0x0000000797600000,0x0000000797aff1b8,0x0000000797b00000)
  to   space 5120K, 0% used [0x0000000797b00000,0x0000000797b00000,0x0000000798000000)
 ParOldGen       total 87552K, used 1204K [0x0000000740000000, 0x0000000745580000, 0x0000000795580000)
  object space 87552K, 1% used [0x0000000740000000,0x000000074012d218,0x0000000745580000)
 Metaspace       used 15578K, capacity 16110K, committed 16256K, reserved 1062912K
  class space    used 2208K, capacity 2369K, committed 2432K, reserved 1048576K
}
Event: 2.029 GC heap before
{Heap before GC invocations=2 (full 0):
 PSYoungGen      total 38400K, used 22152K [0x0000000795580000, 0x0000000798000000, 0x00000007c0000000)
  eden space 33280K, 51% used [0x0000000795580000,0x0000000796622e88,0x0000000797600000)
  from space 5120K, 99% used [0x0000000797600000,0x0000000797aff1b8,0x0000000797b00000)
  to   space 5120K, 0% used [0x0000000797b00000,0x0000000797b00000,0x0000000798000000)
 ParOldGen       total 87552K, used 1204K [0x0000000740000000, 0x0000000745580000, 0x0000000795580000)
  object space 87552K, 1% used [0x0000000740000000,0x000000074012d218,0x0000000745580000)
 Metaspace       used 20316K, capacity 21234K, committed 21296K, reserved 1067008K
  class space    used 2961K, capacity 3175K, committed 3200K, reserved 1048576K
Event: 2.051 GC heap after
Heap after GC invocations=2 (full 0):
 PSYoungGen      total 38400K, used 5116K [0x0000000795580000, 0x000000079a080000, 0x00000007c0000000)
  eden space 33280K, 0% used [0x0000000795580000,0x0000000795580000,0x0000000797600000)
  from space 5120K, 99% used [0x0000000797b00000,0x0000000797fff198,0x0000000798000000)
  to   space 5120K, 0% used [0x0000000797600000,0x0000000797600000,0x0000000797b00000)
 ParOldGen       total 87552K, used 4796K [0x0000000740000000, 0x0000000745580000, 0x0000000795580000)
  object space 87552K, 5% used [0x0000000740000000,0x00000007404af370,0x0000000745580000)
 Metaspace       used 20316K, capacity 21234K, committed 21296K, reserved 1067008K
  class space    used 2961K, capacity 3175K, committed 3200K, reserved 1048576K
}
Event: 2.051 GC heap before
{Heap before GC invocations=3 (full 1):
 PSYoungGen      total 38400K, used 5116K [0x0000000795580000, 0x000000079a080000, 0x00000007c0000000)
  eden space 33280K, 0% used [0x0000000795580000,0x0000000795580000,0x0000000797600000)
  from space 5120K, 99% used [0x0000000797b00000,0x0000000797fff198,0x0000000798000000)
  to   space 5120K, 0% used [0x0000000797600000,0x0000000797600000,0x0000000797b00000)
 ParOldGen       total 87552K, used 4796K [0x0000000740000000, 0x0000000745580000, 0x0000000795580000)
  object space 87552K, 5% used [0x0000000740000000,0x00000007404af370,0x0000000745580000)
 Metaspace       used 20316K, capacity 21234K, committed 21296K, reserved 1067008K
  class space    used 2961K, capacity 3175K, committed 3200K, reserved 1048576K
Event: 2.105 GC heap after
Heap after GC invocations=3 (full 1):
 PSYoungGen      total 38400K, used 0K [0x0000000795580000, 0x000000079a080000, 0x00000007c0000000)
  eden space 33280K, 0% used [0x0000000795580000,0x0000000795580000,0x0000000797600000)
  from space 5120K, 0% used [0x0000000797b00000,0x0000000797b00000,0x0000000798000000)
  to   space 5120K, 0% used [0x0000000797600000,0x0000000797600000,0x0000000797b00000)
 ParOldGen       total 68096K, used 9532K [0x0000000740000000, 0x0000000744280000, 0x0000000795580000)
  object space 68096K, 13% used [0x0000000740000000,0x000000074094f0b8,0x0000000744280000)
 Metaspace       used 20316K, capacity 21234K, committed 21296K, reserved 1067008K
  class space    used 2961K, capacity 3175K, committed 3200K, reserved 1048576K
}
Event: 8.626 GC heap before
{Heap before GC invocations=4 (full 1):
 PSYoungGen      total 38400K, used 33280K [0x0000000795580000, 0x000000079a080000, 0x00000007c0000000)
  eden space 33280K, 100% used [0x0000000795580000,0x0000000797600000,0x0000000797600000)
  from space 5120K, 0% used [0x0000000797b00000,0x0000000797b00000,0x0000000798000000)
  to   space 5120K, 0% used [0x0000000797600000,0x0000000797600000,0x0000000797b00000)
 ParOldGen       total 68096K, used 9532K [0x0000000740000000, 0x0000000744280000, 0x0000000795580000)
  object space 68096K, 13% used [0x0000000740000000,0x000000074094f0b8,0x0000000744280000)
 Metaspace       used 27029K, capacity 28280K, committed 28416K, reserved 1073152K
  class space    used 4002K, capacity 4326K, committed 4352K, reserved 1048576K
Event: 8.635 GC heap after
Heap after GC invocations=4 (full 1):
 PSYoungGen      total 38400K, used 5102K [0x0000000795580000, 0x0000000798a00000, 0x00000007c0000000)
  eden space 33280K, 0% used [0x0000000795580000,0x0000000795580000,0x0000000797600000)
  from space 5120K, 99% used [0x0000000797600000,0x0000000797afb870,0x0000000797b00000)
  to   space 5120K, 0% used [0x0000000798500000,0x0000000798500000,0x0000000798a00000)
 ParOldGen       total 68096K, used 17255K [0x0000000740000000, 0x0000000744280000, 0x0000000795580000)
  object space 68096K, 25% used [0x0000000740000000,0x00000007410d9cf8,0x0000000744280000)
 Metaspace       used 27029K, capacity 28280K, committed 28416K, reserved 1073152K
  class space    used 4002K, capacity 4326K, committed 4352K, reserved 1048576K
}

