# JRE version: Java(TM) SE Runtime Environment (8.0_45-b14) (build 1.8.0_45-b14)
# Java VM: Java HotSpot(TM) 64-Bit Server VM (25.45-b02 mixed mode bsd-amd64 compressed oops)
Heap:
 PSYoungGen      total 38400K, used 18713K [0x0000000795580000, 0x0000000798700000, 0x00000007c0000000)
  eden space 33280K, 40% used [0x0000000795580000,0x00000007962cb6a8,0x0000000797600000)
  from space 5120K, 99% used [0x0000000797600000,0x0000000797afaec8,0x0000000797b00000)
  to   space 5120K, 0% used [0x0000000798200000,0x0000000798200000,0x0000000798700000)
 ParOldGen       total 71680K, used 24053K [0x0000000740000000, 0x0000000744600000, 0x0000000795580000)
  object space 71680K, 33% used [0x0000000740000000,0x000000074177d5d8,0x0000000744600000)
 Metaspace       used 27465K, capacity 28730K, committed 28928K, reserved 1073152K
  class space    used 4008K, capacity 4309K, committed 4352K, reserved 1048576K
GC Heap History (8 events):
Event: 1.058 GC heap before
{Heap before GC invocations=1 (full 0):
 PSYoungGen      total 38400K, used 33280K [0x0000000795580000, 0x0000000798000000, 0x00000007c0000000)
  eden space 33280K, 100% used [0x0000000795580000,0x0000000797600000,0x0000000797600000)
  from space 5120K, 0% used [0x0000000797b00000,0x0000000797b00000,0x0000000798000000)
  to   space 5120K, 0% used [0x0000000797600000,0x0000000797600000,0x0000000797b00000)
 ParOldGen       total 87552K, used 0K [0x0000000740000000, 0x0000000745580000, 0x0000000795580000)
  object space 87552K, 0% used [0x0000000740000000,0x0000000740000000,0x0000000745580000)
 Metaspace       used 15591K, capacity 16132K, committed 16256K, reserved 1062912K
  class space    used 2236K, capacity 2400K, committed 2432K, reserved 1048576K
Event: 1.065 GC heap after
Heap after GC invocations=1 (full 0):
 PSYoungGen      total 38400K, used 5100K [0x0000000795580000, 0x0000000798000000, 0x00000007c0000000)
  eden space 33280K, 0% used [0x0000000795580000,0x0000000795580000,0x0000000797600000)
  from space 5120K, 99% used [0x0000000797600000,0x0000000797afb1c8,0x0000000797b00000)
  to   space 5120K, 0% used [0x0000000797b00000,0x0000000797b00000,0x0000000798000000)
 ParOldGen       total 87552K, used 1250K [0x0000000740000000, 0x0000000745580000, 0x0000000795580000)
  object space 87552K, 1% used [0x0000000740000000,0x0000000740138ae0,0x0000000745580000)
 Metaspace       used 15591K, capacity 16132K, committed 16256K, reserved 1062912K
  class space    used 2236K, capacity 2400K, committed 2432K, reserved 1048576K
}
Event: 1.618 GC heap before
{Heap before GC invocations=2 (full 0):
 PSYoungGen      total 38400K, used 21941K [0x0000000795580000, 0x0000000798000000, 0x00000007c0000000)
  eden space 33280K, 50% used [0x0000000795580000,0x00000007965f2380,0x0000000797600000)
  from space 5120K, 99% used [0x0000000797600000,0x0000000797afb1c8,0x0000000797b00000)
  to   space 5120K, 0% used [0x0000000797b00000,0x0000000797b00000,0x0000000798000000)
 ParOldGen       total 87552K, used 1250K [0x0000000740000000, 0x0000000745580000, 0x0000000795580000)
  object space 87552K, 1% used [0x0000000740000000,0x0000000740138ae0,0x0000000745580000)
 Metaspace       used 20338K, capacity 21196K, committed 21296K, reserved 1067008K
  class space    used 2970K, capacity 3166K, committed 3200K, reserved 1048576K
Event: 1.626 GC heap after
Heap after GC invocations=2 (full 0):
 PSYoungGen      total 38400K, used 5100K [0x0000000795580000, 0x000000079a080000, 0x00000007c0000000)
  eden space 33280K, 0% used [0x0000000795580000,0x0000000795580000,0x0000000797600000)
  from space 5120K, 99% used [0x0000000797b00000,0x0000000797ffb1a8,0x0000000798000000)
  to   space 5120K, 0% used [0x0000000797600000,0x0000000797600000,0x0000000797b00000)
 ParOldGen       total 87552K, used 4837K [0x0000000740000000, 0x0000000745580000, 0x0000000795580000)
  object space 87552K, 5% used [0x0000000740000000,0x00000007404b94c0,0x0000000745580000)
 Metaspace       used 20338K, capacity 21196K, committed 21296K, reserved 1067008K
  class space    used 2970K, capacity 3166K, committed 3200K, reserved 1048576K
}
Event: 1.626 GC heap before
{Heap before GC invocations=3 (full 1):
 PSYoungGen      total 38400K, used 5100K [0x0000000795580000, 0x000000079a080000, 0x00000007c0000000)
  eden space 33280K, 0% used [0x0000000795580000,0x0000000795580000,0x0000000797600000)
  from space 5120K, 99% used [0x0000000797b00000,0x0000000797ffb1a8,0x0000000798000000)
  to   space 5120K, 0% used [0x0000000797600000,0x0000000797600000,0x0000000797b00000)
 ParOldGen       total 87552K, used 4837K [0x0000000740000000, 0x0000000745580000, 0x0000000795580000)
  object space 87552K, 5% used [0x0000000740000000,0x00000007404b94c0,0x0000000745580000)
 Metaspace       used 20338K, capacity 21196K, committed 21296K, reserved 1067008K
  class space    used 2970K, capacity 3166K, committed 3200K, reserved 1048576K
Event: 1.675 GC heap after
Heap after GC invocations=3 (full 1):
 PSYoungGen      total 38400K, used 0K [0x0000000795580000, 0x000000079a080000, 0x00000007c0000000)
  eden space 33280K, 0% used [0x0000000795580000,0x0000000795580000,0x0000000797600000)
  from space 5120K, 0% used [0x0000000797b00000,0x0000000797b00000,0x0000000798000000)
  to   space 5120K, 0% used [0x0000000797600000,0x0000000797600000,0x0000000797b00000)
 ParOldGen       total 71680K, used 9551K [0x0000000740000000, 0x0000000744600000, 0x0000000795580000)
  object space 71680K, 13% used [0x0000000740000000,0x0000000740953db0,0x0000000744600000)
 Metaspace       used 20338K, capacity 21196K, committed 21296K, reserved 1067008K
  class space    used 2970K, capacity 3166K, committed 3200K, reserved 1048576K
}
Event: 9.063 GC heap before
{Heap before GC invocations=4 (full 1):
 PSYoungGen      total 38400K, used 33280K [0x0000000795580000, 0x000000079a080000, 0x00000007c0000000)
  eden space 33280K, 100% used [0x0000000795580000,0x0000000797600000,0x0000000797600000)
  from space 5120K, 0% used [0x0000000797b00000,0x0000000797b00000,0x0000000798000000)
  to   space 5120K, 0% used [0x0000000797600000,0x0000000797600000,0x0000000797b00000)
 ParOldGen       total 71680K, used 9551K [0x0000000740000000, 0x0000000744600000, 0x0000000795580000)
  object space 71680K, 13% used [0x0000000740000000,0x0000000740953db0,0x0000000744600000)
 Metaspace       used 26987K, capacity 28296K, committed 28416K, reserved 1073152K
  class space    used 3986K, capacity 4302K, committed 4352K, reserved 1048576K
Event: 9.075 GC heap after
Heap after GC invocations=4 (full 1):
 PSYoungGen      total 38400K, used 5099K [0x0000000795580000, 0x0000000798700000, 0x00000007c0000000)
  eden space 33280K, 0% used [0x0000000795580000,0x0000000795580000,0x0000000797600000)
  from space 5120K, 99% used [0x0000000797600000,0x0000000797afaec8,0x0000000797b00000)
  to   space 5120K, 0% used [0x0000000798200000,0x0000000798200000,0x0000000798700000)
 ParOldGen       total 71680K, used 24053K [0x0000000740000000, 0x0000000744600000, 0x0000000795580000)
  object space 71680K, 33% used [0x0000000740000000,0x000000074177d5d8,0x0000000744600000)
 Metaspace       used 26987K, capacity 28296K, committed 28416K, reserved 1073152K
  class space    used 3986K, capacity 4302K, committed 4352K, reserved 1048576K
}

